{"C:\\node.js\\Studies\\rocketseat\\nodejs\\03-api-solid\\src\\repository\\in-memory\\in-memory-user.ts": {"path":"C:\\node.js\\Studies\\rocketseat\\nodejs\\03-api-solid\\src\\repository\\in-memory\\in-memory-user.ts","all":false,"statementMap":{"3":{"start":{"line":4,"column":0},"end":{"line":4,"column":63}},"5":{"start":{"line":6,"column":0},"end":{"line":6,"column":30}},"7":{"start":{"line":8,"column":0},"end":{"line":8,"column":38}},"8":{"start":{"line":9,"column":0},"end":{"line":9,"column":68}},"10":{"start":{"line":11,"column":0},"end":{"line":11,"column":22}},"11":{"start":{"line":12,"column":0},"end":{"line":12,"column":24}},"12":{"start":{"line":13,"column":0},"end":{"line":13,"column":9}},"14":{"start":{"line":15,"column":0},"end":{"line":15,"column":22}},"15":{"start":{"line":16,"column":0},"end":{"line":16,"column":5}},"17":{"start":{"line":18,"column":0},"end":{"line":18,"column":48}},"18":{"start":{"line":19,"column":0},"end":{"line":19,"column":22}},"19":{"start":{"line":20,"column":0},"end":{"line":20,"column":26}},"20":{"start":{"line":21,"column":0},"end":{"line":21,"column":28}},"21":{"start":{"line":22,"column":0},"end":{"line":22,"column":30}},"22":{"start":{"line":23,"column":0},"end":{"line":23,"column":35}},"23":{"start":{"line":24,"column":0},"end":{"line":24,"column":46}},"24":{"start":{"line":25,"column":0},"end":{"line":25,"column":9}},"26":{"start":{"line":27,"column":0},"end":{"line":27,"column":29}},"28":{"start":{"line":29,"column":0},"end":{"line":29,"column":20}},"29":{"start":{"line":30,"column":0},"end":{"line":30,"column":5}},"31":{"start":{"line":32,"column":0},"end":{"line":32,"column":1}}},"s":{"3":1,"5":3,"7":1,"8":4,"10":4,"11":3,"12":3,"14":1,"15":4,"17":1,"18":3,"19":3,"20":3,"21":3,"22":3,"23":3,"24":3,"26":3,"28":3,"29":3,"31":1},"branchMap":{"0":{"type":"branch","line":4,"loc":{"start":{"line":4,"column":7},"end":{"line":6,"column":30}},"locations":[{"start":{"line":4,"column":7},"end":{"line":6,"column":30}}]},"1":{"type":"branch","line":8,"loc":{"start":{"line":8,"column":4},"end":{"line":16,"column":5}},"locations":[{"start":{"line":8,"column":4},"end":{"line":16,"column":5}}]},"2":{"type":"branch","line":11,"loc":{"start":{"line":11,"column":21},"end":{"line":13,"column":9}},"locations":[{"start":{"line":11,"column":21},"end":{"line":13,"column":9}}]},"3":{"type":"branch","line":13,"loc":{"start":{"line":13,"column":8},"end":{"line":15,"column":22}},"locations":[{"start":{"line":13,"column":8},"end":{"line":15,"column":22}}]},"4":{"type":"branch","line":9,"loc":{"start":{"line":9,"column":39},"end":{"line":9,"column":67}},"locations":[{"start":{"line":9,"column":39},"end":{"line":9,"column":67}}]},"5":{"type":"branch","line":18,"loc":{"start":{"line":18,"column":4},"end":{"line":30,"column":5}},"locations":[{"start":{"line":18,"column":4},"end":{"line":30,"column":5}}]}},"b":{"0":[3],"1":[4],"2":[3],"3":[1],"4":[1],"5":[3]},"fnMap":{"0":{"name":"InMemoryUserRepository","decl":{"start":{"line":4,"column":7},"end":{"line":6,"column":30}},"loc":{"start":{"line":4,"column":7},"end":{"line":6,"column":30}},"line":4},"1":{"name":"findByEmail","decl":{"start":{"line":8,"column":4},"end":{"line":16,"column":5}},"loc":{"start":{"line":8,"column":4},"end":{"line":16,"column":5}},"line":8},"2":{"name":"create","decl":{"start":{"line":18,"column":4},"end":{"line":30,"column":5}},"loc":{"start":{"line":18,"column":4},"end":{"line":30,"column":5}},"line":18}},"f":{"0":3,"1":4,"2":3}}
,"C:\\node.js\\Studies\\rocketseat\\nodejs\\03-api-solid\\src\\useCases\\register.ts": {"path":"C:\\node.js\\Studies\\rocketseat\\nodejs\\03-api-solid\\src\\useCases\\register.ts","all":false,"statementMap":{"0":{"start":{"line":1,"column":0},"end":{"line":1,"column":38}},"2":{"start":{"line":3,"column":0},"end":{"line":3,"column":32}},"3":{"start":{"line":4,"column":0},"end":{"line":4,"column":75}},"16":{"start":{"line":17,"column":0},"end":{"line":17,"column":30}},"20":{"start":{"line":21,"column":0},"end":{"line":21,"column":58}},"22":{"start":{"line":23,"column":0},"end":{"line":23,"column":104}},"23":{"start":{"line":24,"column":0},"end":{"line":24,"column":54}},"25":{"start":{"line":26,"column":0},"end":{"line":26,"column":71}},"27":{"start":{"line":28,"column":0},"end":{"line":28,"column":25}},"28":{"start":{"line":29,"column":0},"end":{"line":29,"column":47}},"29":{"start":{"line":30,"column":0},"end":{"line":30,"column":9}},"33":{"start":{"line":34,"column":0},"end":{"line":34,"column":55}},"34":{"start":{"line":35,"column":0},"end":{"line":35,"column":17}},"35":{"start":{"line":36,"column":0},"end":{"line":36,"column":18}},"36":{"start":{"line":37,"column":0},"end":{"line":37,"column":26}},"37":{"start":{"line":38,"column":0},"end":{"line":38,"column":11}},"39":{"start":{"line":40,"column":0},"end":{"line":40,"column":37}},"41":{"start":{"line":42,"column":0},"end":{"line":42,"column":16}},"42":{"start":{"line":43,"column":0},"end":{"line":43,"column":16}},"43":{"start":{"line":44,"column":0},"end":{"line":44,"column":9}},"44":{"start":{"line":45,"column":0},"end":{"line":45,"column":5}},"45":{"start":{"line":46,"column":0},"end":{"line":46,"column":1}}},"s":{"0":1,"2":1,"3":1,"16":1,"20":1,"22":1,"23":4,"25":4,"27":4,"28":1,"29":1,"33":3,"34":3,"35":3,"36":3,"37":3,"39":3,"41":3,"42":3,"43":3,"44":4,"45":1},"branchMap":{"0":{"type":"branch","line":21,"loc":{"start":{"line":21,"column":4},"end":{"line":21,"column":58}},"locations":[{"start":{"line":21,"column":4},"end":{"line":21,"column":58}}]},"1":{"type":"branch","line":23,"loc":{"start":{"line":23,"column":4},"end":{"line":45,"column":5}},"locations":[{"start":{"line":23,"column":4},"end":{"line":45,"column":5}}]},"2":{"type":"branch","line":28,"loc":{"start":{"line":28,"column":24},"end":{"line":30,"column":9}},"locations":[{"start":{"line":28,"column":24},"end":{"line":30,"column":9}}]},"3":{"type":"branch","line":30,"loc":{"start":{"line":30,"column":8},"end":{"line":44,"column":9}},"locations":[{"start":{"line":30,"column":8},"end":{"line":44,"column":9}}]}},"b":{"0":[3],"1":[4],"2":[1],"3":[3]},"fnMap":{"0":{"name":"RegisterUseCase","decl":{"start":{"line":21,"column":4},"end":{"line":21,"column":58}},"loc":{"start":{"line":21,"column":4},"end":{"line":21,"column":58}},"line":21},"1":{"name":"execute","decl":{"start":{"line":23,"column":4},"end":{"line":45,"column":5}},"loc":{"start":{"line":23,"column":4},"end":{"line":45,"column":5}},"line":23}},"f":{"0":3,"1":4}}
,"C:\\node.js\\Studies\\rocketseat\\nodejs\\03-api-solid\\src\\useCases\\errors\\user-already-exists-erro.ts": {"path":"C:\\node.js\\Studies\\rocketseat\\nodejs\\03-api-solid\\src\\useCases\\errors\\user-already-exists-erro.ts","all":false,"statementMap":{"0":{"start":{"line":1,"column":0},"end":{"line":1,"column":51}},"1":{"start":{"line":2,"column":0},"end":{"line":2,"column":19}},"2":{"start":{"line":3,"column":0},"end":{"line":3,"column":37}},"3":{"start":{"line":4,"column":0},"end":{"line":4,"column":5}},"4":{"start":{"line":5,"column":0},"end":{"line":5,"column":1}}},"s":{"0":1,"1":1,"2":1,"3":1,"4":1},"branchMap":{"0":{"type":"branch","line":2,"loc":{"start":{"line":2,"column":4},"end":{"line":4,"column":5}},"locations":[{"start":{"line":2,"column":4},"end":{"line":4,"column":5}}]}},"b":{"0":[1]},"fnMap":{"0":{"name":"UserAlreadyExistsError","decl":{"start":{"line":2,"column":4},"end":{"line":4,"column":5}},"loc":{"start":{"line":2,"column":4},"end":{"line":4,"column":5}},"line":2}},"f":{"0":1}}
}
